Apr 28, 2022 3:03:51 PM com.google.cloud.datastore.emulator.firestore.websocket.WebSocketServer start
INFO: Started WebSocket server on ws://localhost:51881
API endpoint: http://localhost:8080
If you are using a library that supports the FIRESTORE_EMULATOR_HOST environment variable, run:

   export FIRESTORE_EMULATOR_HOST=localhost:8080

Dev App Server is now running.

Apr 28, 2022 3:03:53 PM io.gapi.emulators.netty.HttpVersionRoutingHandler channelRead
INFO: Detected non-HTTP/2 connection.
Apr 28, 2022 3:03:53 PM io.gapi.emulators.netty.HttpVersionRoutingHandler channelRead
INFO: Detected HTTP/2 connection.
Apr 28, 2022 3:04:19 PM io.gapi.emulators.netty.HttpVersionRoutingHandler channelRead
INFO: Detected non-HTTP/2 connection.
Apr 28, 2022 3:04:19 PM io.gapi.emulators.netty.NotFoundHandler handleRequest
INFO: Unknown request URI: /grocery-store-admin-reactjs/us-central1/addMessage?text=Hello%20from%20Enkhjin.
Apr 28, 2022 3:04:44 PM io.gapi.emulators.netty.NotFoundHandler handleRequest
INFO: Unknown request URI: /grocery-store-admin-reactjs/us-central1/addMessage?text=Hello%20from%20Enkhjin.
Apr 28, 2022 3:04:45 PM io.gapi.emulators.netty.NotFoundHandler handleRequest
INFO: Unknown request URI: /grocery-store-admin-reactjs/us-central1/addMessage?text=Hello%20from%20Enkhjin.
Apr 28, 2022 3:04:45 PM io.gapi.emulators.netty.NotFoundHandler handleRequest
INFO: Unknown request URI: /grocery-store-admin-reactjs/us-central1/addMessage?text=Hello%20from%20Enkhjin.
Apr 28, 2022 3:06:33 PM io.gapi.emulators.netty.HttpVersionRoutingHandler channelRead
INFO: Detected non-HTTP/2 connection.
Apr 28, 2022 3:06:34 PM com.google.cloud.datastore.emulator.firestore.websocket.WebSocketChannelHandler initChannel
INFO: Connected to new websocket client
Apr 28, 2022 3:07:08 PM io.gapi.emulators.netty.NotFoundHandler handleRequest
INFO: Unknown request URI: /cloud-function/us-central1/addMessage?text=Hello%20from%20Enkhjin.
Apr 28, 2022 3:07:09 PM io.gapi.emulators.netty.NotFoundHandler handleRequest
INFO: Unknown request URI: /cloud-function/us-central1/addMessage?text=Hello%20from%20Enkhjin.
