[debug] [2022-04-28T07:03:31.796Z] ----------------------------------------------------------------------
[debug] [2022-04-28T07:03:31.798Z] Command:       /usr/local/bin/node /usr/local/bin/firebase emulators:start
[debug] [2022-04-28T07:03:31.798Z] CLI Version:   10.7.1
[debug] [2022-04-28T07:03:31.798Z] Platform:      darwin
[debug] [2022-04-28T07:03:31.799Z] Node Version:  v14.17.6
[debug] [2022-04-28T07:03:31.799Z] Time:          Thu Apr 28 2022 15:03:31 GMT+0800 (Ulaanbaatar Standard Time)
[debug] [2022-04-28T07:03:31.799Z] ----------------------------------------------------------------------
[debug] 
[debug] [2022-04-28T07:03:31.850Z] > command requires scopes: ["email","openid","https://www.googleapis.com/auth/cloudplatformprojects.readonly","https://www.googleapis.com/auth/firebase","https://www.googleapis.com/auth/cloud-platform"]
[debug] [2022-04-28T07:03:31.850Z] > authorizing via signed-in user (enkhjinnasanbayar7@gmail.com)
[debug] [2022-04-28T07:03:32.505Z] java version "15.0.2" 2021-01-19

[debug] [2022-04-28T07:03:32.505Z] Java(TM) SE Runtime Environment (build 15.0.2+7-27)
Java HotSpot(TM) 64-Bit Server VM (build 15.0.2+7-27, mixed mode, sharing)

[debug] [2022-04-28T07:03:32.509Z] Parsed Java major version: 15
[info] i  emulators: Starting emulators: functions, firestore {"metadata":{"emulator":{"name":"hub"},"message":"Starting emulators: functions, firestore"}}
[debug] [2022-04-28T07:03:32.520Z] [hub] writing locator at /var/folders/v6/mctgcr2x65vc3ffdqb216dbm0000h1/T/hub-cloud-function-f14d7.json
[warn] ⚠  functions: The following emulators are not running, calls to these services from the Functions emulator will affect production: auth, database, hosting, pubsub, storage {"metadata":{"emulator":{"name":"functions"},"message":"The following emulators are not running, calls to these services from the Functions emulator will affect production: \u001b[1mauth, database, hosting, pubsub, storage\u001b[22m"}}
[warn] ⚠  Your requested "node" version "16" doesn't match your global version "14". Using node@14 from host. {"metadata":{"emulator":{"name":"functions"},"message":"Your requested \"node\" version \"16\" doesn't match your global version \"14\". Using node@14 from host."}}
[debug] [2022-04-28T07:03:32.534Z] defaultcredentials: writing to file /Users/enkhjinss/.config/firebase/enkhjinnasanbayar7_gmail_com_application_default_credentials.json
[debug] [2022-04-28T07:03:32.535Z] Setting GAC to /Users/enkhjinss/.config/firebase/enkhjinnasanbayar7_gmail_com_application_default_credentials.json {"metadata":{"emulator":{"name":"functions"},"message":"Setting GAC to /Users/enkhjinss/.config/firebase/enkhjinnasanbayar7_gmail_com_application_default_credentials.json"}}
[debug] [2022-04-28T07:03:32.537Z] >>> [apiv2][query] GET https://firebase.googleapis.com/v1beta1/projects/cloud-function-f14d7/adminSdkConfig [none]
[debug] [2022-04-28T07:03:32.958Z] <<< [apiv2][status] GET https://firebase.googleapis.com/v1beta1/projects/cloud-function-f14d7/adminSdkConfig 200
[debug] [2022-04-28T07:03:32.958Z] <<< [apiv2][body] GET https://firebase.googleapis.com/v1beta1/projects/cloud-function-f14d7/adminSdkConfig {"projectId":"cloud-function-f14d7","storageBucket":"cloud-function-f14d7.appspot.com"}
[warn] ⚠  firestore: Did not find a Cloud Firestore rules file specified in a firebase.json config file. {"metadata":{"emulator":{"name":"firestore"},"message":"Did not find a Cloud Firestore rules file specified in a firebase.json config file."}}
[warn] ⚠  firestore: The emulator will default to allowing all reads and writes. Learn more about this option: https://firebase.google.com/docs/emulator-suite/install_and_configure#security_rules_configuration. {"metadata":{"emulator":{"name":"firestore"},"message":"The emulator will default to allowing all reads and writes. Learn more about this option: https://firebase.google.com/docs/emulator-suite/install_and_configure#security_rules_configuration."}}
[info] i  firestore: downloading cloud-firestore-emulator-v1.14.3.jar... {"metadata":{"emulator":{"name":"firestore"},"message":"downloading cloud-firestore-emulator-v1.14.3.jar..."}}
[debug] [2022-04-28T07:03:33.243Z] >>> [apiv2][query] GET https://storage.googleapis.com/firebase-preview-drop/emulator/cloud-firestore-emulator-v1.14.3.jar 
[debug] [2022-04-28T07:03:33.921Z] <<< [apiv2][status] GET https://storage.googleapis.com/firebase-preview-drop/emulator/cloud-firestore-emulator-v1.14.3.jar 200
[debug] [2022-04-28T07:03:33.921Z] <<< [apiv2][body] GET https://storage.googleapis.com/firebase-preview-drop/emulator/cloud-firestore-emulator-v1.14.3.jar [stream]
[debug] [2022-04-28T07:03:50.510Z] Ignoring unsupported arg: projectId {"metadata":{"emulator":{"name":"firestore"},"message":"Ignoring unsupported arg: projectId"}}
[debug] [2022-04-28T07:03:50.512Z] Ignoring unsupported arg: auto_download {"metadata":{"emulator":{"name":"firestore"},"message":"Ignoring unsupported arg: auto_download"}}
[debug] [2022-04-28T07:03:50.512Z] Starting Firestore Emulator with command {"binary":"java","args":["-Dgoogle.cloud_firestore.debug_log_level=FINE","-Duser.language=en","-jar","/Users/enkhjinss/.cache/firebase/emulators/cloud-firestore-emulator-v1.14.3.jar","--host","localhost","--port",8080,"--functions_emulator","localhost:5001"],"optionalArgs":["port","webchannel_port","host","rules","functions_emulator","seed_from_export"],"joinArgs":false} {"metadata":{"emulator":{"name":"firestore"},"message":"Starting Firestore Emulator with command {\"binary\":\"java\",\"args\":[\"-Dgoogle.cloud_firestore.debug_log_level=FINE\",\"-Duser.language=en\",\"-jar\",\"/Users/enkhjinss/.cache/firebase/emulators/cloud-firestore-emulator-v1.14.3.jar\",\"--host\",\"localhost\",\"--port\",8080,\"--functions_emulator\",\"localhost:5001\"],\"optionalArgs\":[\"port\",\"webchannel_port\",\"host\",\"rules\",\"functions_emulator\",\"seed_from_export\"],\"joinArgs\":false}"}}
[info] i  firestore: Firestore Emulator logging to firestore-debug.log {"metadata":{"emulator":{"name":"firestore"},"message":"Firestore Emulator logging to \u001b[1mfirestore-debug.log\u001b[22m"}}
[debug] [2022-04-28T07:03:51.691Z] Apr 28, 2022 3:03:51 PM com.google.cloud.datastore.emulator.firestore.websocket.WebSocketServer start
INFO: Started WebSocket server on ws://localhost:51881
 {"metadata":{"emulator":{"name":"firestore"},"message":"Apr 28, 2022 3:03:51 PM com.google.cloud.datastore.emulator.firestore.websocket.WebSocketServer start\nINFO: Started WebSocket server on ws://localhost:51881\n"}}
[debug] [2022-04-28T07:03:51.706Z] API endpoint: http://localhost:8080
 {"metadata":{"emulator":{"name":"firestore"},"message":"API endpoint: http://localhost:8080\n"}}
[debug] [2022-04-28T07:03:51.706Z] If you are using a library that supports the FIRESTORE_EMULATOR_HOST environment variable, run:

   export FIRESTORE_EMULATOR_HOST=localhost:8080

Dev App Server is now running.

 {"metadata":{"emulator":{"name":"firestore"},"message":"If you are using a library that supports the FIRESTORE_EMULATOR_HOST environment variable, run:\n\n   export FIRESTORE_EMULATOR_HOST=localhost:8080\n\nDev App Server is now running.\n\n"}}
[debug] [2022-04-28T07:03:51.800Z] Ignoring unsupported arg: auto_download {"metadata":{"emulator":{"name":"ui"},"message":"Ignoring unsupported arg: auto_download"}}
[debug] [2022-04-28T07:03:51.800Z] Ignoring unsupported arg: port {"metadata":{"emulator":{"name":"ui"},"message":"Ignoring unsupported arg: port"}}
[debug] [2022-04-28T07:03:51.801Z] Starting Emulator UI with command {"binary":"node","args":["/Users/enkhjinss/.cache/firebase/emulators/ui-v1.6.5/server.bundle.js"],"optionalArgs":[],"joinArgs":false} {"metadata":{"emulator":{"name":"ui"},"message":"Starting Emulator UI with command {\"binary\":\"node\",\"args\":[\"/Users/enkhjinss/.cache/firebase/emulators/ui-v1.6.5/server.bundle.js\"],\"optionalArgs\":[],\"joinArgs\":false}"}}
[info] i  ui: Emulator UI logging to ui-debug.log {"metadata":{"emulator":{"name":"ui"},"message":"Emulator UI logging to \u001b[1mui-debug.log\u001b[22m"}}
[debug] [2022-04-28T07:03:51.900Z] Web / API server started at localhost:4000
 {"metadata":{"emulator":{"name":"ui"},"message":"Web / API server started at localhost:4000\n"}}
[info] i  functions: Watching "/Users/enkhjinss/Documents/leap2/cloud-functions/functions" for Cloud Functions... {"metadata":{"emulator":{"name":"functions"},"message":"Watching \"/Users/enkhjinss/Documents/leap2/cloud-functions/functions\" for Cloud Functions..."}}
[debug] [2022-04-28T07:03:52.066Z] Validating nodejs source
[debug] [2022-04-28T07:03:53.296Z] > [functions] package.json contents: {
  "name": "functions",
  "description": "Cloud Functions for Firebase",
  "scripts": {
    "lint": "eslint .",
    "serve": "firebase emulators:start --only functions",
    "shell": "firebase functions:shell",
    "start": "npm run shell",
    "deploy": "firebase deploy --only functions",
    "logs": "firebase functions:log"
  },
  "engines": {
    "node": "16"
  },
  "main": "index.js",
  "dependencies": {
    "firebase-admin": "^10.0.2",
    "firebase-functions": "^3.18.0"
  },
  "devDependencies": {
    "eslint": "^8.9.0",
    "eslint-config-google": "^0.14.0",
    "firebase-functions-test": "^0.2.0"
  },
  "private": true
}
[debug] [2022-04-28T07:03:53.297Z] Building nodejs source
[debug] [2022-04-28T07:03:53.297Z] Analyzing nodejs backend spec
[info] ✔  functions[us-central1-addMessage]: http function initialized (http://localhost:5001/cloud-function-f14d7/us-central1/addMessage). {"metadata":{"emulator":{"name":"functions"},"message":"\u001b[1mhttp\u001b[22m function initialized (http://localhost:5001/cloud-function-f14d7/us-central1/addMessage)."}}
[debug] [2022-04-28T07:03:53.448Z] addFirestoreTrigger "{\"eventTrigger\":{\"eventType\":\"providers/cloud.firestore/eventTypes/document.create\",\"resource\":\"projects/cloud-function-f14d7/databases/(default)/documents/messages/{documentId}\",\"service\":\"firestore.googleapis.com\"}}"
[debug] [2022-04-28T07:03:53.449Z] >>> HTTP REQUEST PUT http://localhost:8080/emulator/v1/projects/cloud-function-f14d7/triggers/us-central1-onMessageCreate-0  
 {"eventTrigger":{"eventType":"providers/cloud.firestore/eventTypes/document.create","resource":"projects/cloud-function-f14d7/databases/(default)/documents/messages/{documentId}","service":"firestore.googleapis.com"}}
[debug] [2022-04-28T07:03:53.466Z] Apr 28, 2022 3:03:53 PM io.gapi.emulators.netty.HttpVersionRoutingHandler channelRead
INFO: Detected non-HTTP/2 connection.
 {"metadata":{"emulator":{"name":"firestore"},"message":"Apr 28, 2022 3:03:53 PM io.gapi.emulators.netty.HttpVersionRoutingHandler channelRead\nINFO: Detected non-HTTP/2 connection.\n"}}
[debug] [2022-04-28T07:03:53.591Z] Apr 28, 2022 3:03:53 PM io.gapi.emulators.netty.HttpVersionRoutingHandler channelRead
INFO: Detected HTTP/2 connection.
 {"metadata":{"emulator":{"name":"firestore"},"message":"Apr 28, 2022 3:03:53 PM io.gapi.emulators.netty.HttpVersionRoutingHandler channelRead\nINFO: Detected HTTP/2 connection.\n"}}
[debug] [2022-04-28T07:03:53.989Z] <<< HTTP RESPONSE 200 {"content-type":"application/json","content-length":"4"}
[info] ✔  functions[us-central1-onMessageCreate]: firestore function initialized. {"metadata":{"emulator":{"name":"functions"},"message":"\u001b[1mfirestore\u001b[22m function initialized."}}
[info] 
┌─────────────────────────────────────────────────────────────┐
│ ✔  All emulators ready! It is now safe to connect your app. │
│ i  View Emulator UI at http://localhost:4000                │
└─────────────────────────────────────────────────────────────┘

┌───────────┬────────────────┬─────────────────────────────────┐
│ Emulator  │ Host:Port      │ View in Emulator UI             │
├───────────┼────────────────┼─────────────────────────────────┤
│ Functions │ localhost:5001 │ http://localhost:4000/functions │
├───────────┼────────────────┼─────────────────────────────────┤
│ Firestore │ localhost:8080 │ http://localhost:4000/firestore │
└───────────┴────────────────┴─────────────────────────────────┘
  Emulator Hub running at localhost:4400
  Other reserved ports: 4500

Issues? Report them at https://github.com/firebase/firebase-tools/issues and attach the *-debug.log files.
 
[debug] [2022-04-28T07:04:19.054Z] Apr 28, 2022 3:04:19 PM io.gapi.emulators.netty.HttpVersionRoutingHandler channelRead
INFO: Detected non-HTTP/2 connection.
 {"metadata":{"emulator":{"name":"firestore"},"message":"Apr 28, 2022 3:04:19 PM io.gapi.emulators.netty.HttpVersionRoutingHandler channelRead\nINFO: Detected non-HTTP/2 connection.\n"}}
[debug] [2022-04-28T07:04:19.061Z] Apr 28, 2022 3:04:19 PM io.gapi.emulators.netty.NotFoundHandler handleRequest
INFO: Unknown request URI: /grocery-store-admin-reactjs/us-central1/addMessage?text=Hello%20from%20Enkhjin.
 {"metadata":{"emulator":{"name":"firestore"},"message":"Apr 28, 2022 3:04:19 PM io.gapi.emulators.netty.NotFoundHandler handleRequest\nINFO: Unknown request URI: /grocery-store-admin-reactjs/us-central1/addMessage?text=Hello%20from%20Enkhjin.\n"}}
[debug] [2022-04-28T07:04:44.341Z] Apr 28, 2022 3:04:44 PM io.gapi.emulators.netty.NotFoundHandler handleRequest
INFO: Unknown request URI: /grocery-store-admin-reactjs/us-central1/addMessage?text=Hello%20from%20Enkhjin.
 {"metadata":{"emulator":{"name":"firestore"},"message":"Apr 28, 2022 3:04:44 PM io.gapi.emulators.netty.NotFoundHandler handleRequest\nINFO: Unknown request URI: /grocery-store-admin-reactjs/us-central1/addMessage?text=Hello%20from%20Enkhjin.\n"}}
[debug] [2022-04-28T07:04:45.089Z] Apr 28, 2022 3:04:45 PM io.gapi.emulators.netty.NotFoundHandler handleRequest
INFO: Unknown request URI: /grocery-store-admin-reactjs/us-central1/addMessage?text=Hello%20from%20Enkhjin.
 {"metadata":{"emulator":{"name":"firestore"},"message":"Apr 28, 2022 3:04:45 PM io.gapi.emulators.netty.NotFoundHandler handleRequest\nINFO: Unknown request URI: /grocery-store-admin-reactjs/us-central1/addMessage?text=Hello%20from%20Enkhjin.\n"}}
[debug] [2022-04-28T07:04:45.552Z] Apr 28, 2022 3:04:45 PM io.gapi.emulators.netty.NotFoundHandler handleRequest
INFO: Unknown request URI: /grocery-store-admin-reactjs/us-central1/addMessage?text=Hello%20from%20Enkhjin.
 {"metadata":{"emulator":{"name":"firestore"},"message":"Apr 28, 2022 3:04:45 PM io.gapi.emulators.netty.NotFoundHandler handleRequest\nINFO: Unknown request URI: /grocery-store-admin-reactjs/us-central1/addMessage?text=Hello%20from%20Enkhjin.\n"}}
[debug] [2022-04-28T07:06:33.313Z] Apr 28, 2022 3:06:33 PM io.gapi.emulators.netty.HttpVersionRoutingHandler channelRead
INFO: Detected non-HTTP/2 connection.
 {"metadata":{"emulator":{"name":"firestore"},"message":"Apr 28, 2022 3:06:33 PM io.gapi.emulators.netty.HttpVersionRoutingHandler channelRead\nINFO: Detected non-HTTP/2 connection.\n"}}
[debug] [2022-04-28T07:06:34.469Z] Apr 28, 2022 3:06:34 PM com.google.cloud.datastore.emulator.firestore.websocket.WebSocketChannelHandler initChannel
INFO: Connected to new websocket client
 {"metadata":{"emulator":{"name":"firestore"},"message":"Apr 28, 2022 3:06:34 PM com.google.cloud.datastore.emulator.firestore.websocket.WebSocketChannelHandler initChannel\nINFO: Connected to new websocket client\n"}}
[debug] [2022-04-28T07:07:08.430Z] Apr 28, 2022 3:07:08 PM io.gapi.emulators.netty.NotFoundHandler handleRequest
INFO: Unknown request URI: /cloud-function/us-central1/addMessage?text=Hello%20from%20Enkhjin.
 {"metadata":{"emulator":{"name":"firestore"},"message":"Apr 28, 2022 3:07:08 PM io.gapi.emulators.netty.NotFoundHandler handleRequest\nINFO: Unknown request URI: /cloud-function/us-central1/addMessage?text=Hello%20from%20Enkhjin.\n"}}
[debug] [2022-04-28T07:07:09.835Z] Apr 28, 2022 3:07:09 PM io.gapi.emulators.netty.NotFoundHandler handleRequest
INFO: Unknown request URI: /cloud-function/us-central1/addMessage?text=Hello%20from%20Enkhjin.
 {"metadata":{"emulator":{"name":"firestore"},"message":"Apr 28, 2022 3:07:09 PM io.gapi.emulators.netty.NotFoundHandler handleRequest\nINFO: Unknown request URI: /cloud-function/us-central1/addMessage?text=Hello%20from%20Enkhjin.\n"}}
